[debug] [2026-02-03T06:05:08.755Z] ----------------------------------------------------------------------
[debug] [2026-02-03T06:05:08.758Z] Command:       C:\Program Files\nodejs\node.exe C:\Users\Sheyl\AppData\Roaming\npm\node_modules\firebase-tools\lib\bin\firebase.js init
[debug] [2026-02-03T06:05:08.759Z] CLI Version:   15.5.1
[debug] [2026-02-03T06:05:08.759Z] Platform:      win32
[debug] [2026-02-03T06:05:08.759Z] Node Version:  v24.11.1
[debug] [2026-02-03T06:05:08.759Z] Time:          Tue Feb 03 2026 01:05:08 GMT-0500 (hora estándar de Colombia)
[debug] [2026-02-03T06:05:08.759Z] ----------------------------------------------------------------------
[debug] 
[info] 
     ######## #### ########  ######## ########     ###     ######  ########
     ##        ##  ##     ## ##       ##     ##  ##   ##  ##       ##
     ######    ##  ########  ######   ########  #########  ######  ######
     ##        ##  ##    ##  ##       ##     ## ##     ##       ## ##
     ##       #### ##     ## ######## ########  ##     ##  ######  ########

You're about to initialize a Firebase project in this directory:

  C:\Users\Sheyl\Documents\DANI\GITHUB\ConstruMetrix

[info] 
=== Project Setup
[info] 
[info] First, let's associate this project directory with a Firebase project.
[info] You can create multiple project aliases by running firebase use --add, 
[info] 
[debug] [2026-02-03T06:05:44.962Z] > command requires scopes: ["email","openid","https://www.googleapis.com/auth/cloudplatformprojects.readonly","https://www.googleapis.com/auth/firebase","https://www.googleapis.com/auth/cloud-platform"]
[debug] [2026-02-03T06:05:44.963Z] > authorizing via signed-in user (agaviria2109@gmail.com)
[debug] [2026-02-03T06:05:44.964Z] Checked if tokens are valid: true, expires at: 1770102294525
[debug] [2026-02-03T06:05:44.964Z] Checked if tokens are valid: true, expires at: 1770102294525
[debug] [2026-02-03T06:05:44.965Z] >>> [apiv2][query] GET https://firebase.googleapis.com/v1beta1/projects pageSize=100
[debug] [2026-02-03T06:05:45.583Z] <<< [apiv2][status] GET https://firebase.googleapis.com/v1beta1/projects 200
[debug] [2026-02-03T06:05:45.583Z] <<< [apiv2][body] GET https://firebase.googleapis.com/v1beta1/projects [omitted]
[info] 
=== Dataconnect Setup
[info] i  dataconnect: ensuring required API firebasedataconnect.googleapis.com is enabled... 
[debug] [2026-02-03T06:05:48.426Z] Checked if tokens are valid: true, expires at: 1770102294525
[debug] [2026-02-03T06:05:48.426Z] Checked if tokens are valid: true, expires at: 1770102294525
[info] i  dataconnect: ensuring required API sqladmin.googleapis.com is enabled... 
[debug] [2026-02-03T06:05:48.427Z] Checked if tokens are valid: true, expires at: 1770102294525
[debug] [2026-02-03T06:05:48.427Z] Checked if tokens are valid: true, expires at: 1770102294525
[debug] [2026-02-03T06:05:48.427Z] >>> [apiv2][query] GET https://serviceusage.googleapis.com/v1/projects/construmetrix/services/firebasedataconnect.googleapis.com [none]
[debug] [2026-02-03T06:05:48.427Z] >>> [apiv2][(partial)header] GET https://serviceusage.googleapis.com/v1/projects/construmetrix/services/firebasedataconnect.googleapis.com  x-goog-user-project=construmetrix
[debug] [2026-02-03T06:05:48.428Z] >>> [apiv2][query] GET https://serviceusage.googleapis.com/v1/projects/construmetrix/services/sqladmin.googleapis.com [none]
[debug] [2026-02-03T06:05:48.429Z] >>> [apiv2][(partial)header] GET https://serviceusage.googleapis.com/v1/projects/construmetrix/services/sqladmin.googleapis.com  x-goog-user-project=construmetrix
[debug] [2026-02-03T06:05:49.118Z] <<< [apiv2][status] GET https://serviceusage.googleapis.com/v1/projects/construmetrix/services/firebasedataconnect.googleapis.com 200
[debug] [2026-02-03T06:05:49.118Z] <<< [apiv2][body] GET https://serviceusage.googleapis.com/v1/projects/construmetrix/services/firebasedataconnect.googleapis.com [omitted]
[warn] !  dataconnect: missing required API firebasedataconnect.googleapis.com. Enabling now... 
[debug] [2026-02-03T06:05:49.119Z] Checked if tokens are valid: true, expires at: 1770102294525
[debug] [2026-02-03T06:05:49.119Z] Checked if tokens are valid: true, expires at: 1770102294525
[debug] [2026-02-03T06:05:49.120Z] >>> [apiv2][query] POST https://serviceusage.googleapis.com/v1/projects/construmetrix/services/firebasedataconnect.googleapis.com:enable [none]
[debug] [2026-02-03T06:05:49.120Z] >>> [apiv2][(partial)header] POST https://serviceusage.googleapis.com/v1/projects/construmetrix/services/firebasedataconnect.googleapis.com:enable  x-goog-user-project=construmetrix
[debug] [2026-02-03T06:05:49.139Z] <<< [apiv2][status] GET https://serviceusage.googleapis.com/v1/projects/construmetrix/services/sqladmin.googleapis.com 200
[debug] [2026-02-03T06:05:49.139Z] <<< [apiv2][body] GET https://serviceusage.googleapis.com/v1/projects/construmetrix/services/sqladmin.googleapis.com [omitted]
[warn] !  dataconnect: missing required API sqladmin.googleapis.com. Enabling now... 
[debug] [2026-02-03T06:05:49.140Z] Checked if tokens are valid: true, expires at: 1770102294525
[debug] [2026-02-03T06:05:49.140Z] Checked if tokens are valid: true, expires at: 1770102294525
[debug] [2026-02-03T06:05:49.140Z] >>> [apiv2][query] POST https://serviceusage.googleapis.com/v1/projects/construmetrix/services/sqladmin.googleapis.com:enable [none]
[debug] [2026-02-03T06:05:49.140Z] >>> [apiv2][(partial)header] POST https://serviceusage.googleapis.com/v1/projects/construmetrix/services/sqladmin.googleapis.com:enable  x-goog-user-project=construmetrix
[debug] [2026-02-03T06:05:50.036Z] <<< [apiv2][status] POST https://serviceusage.googleapis.com/v1/projects/construmetrix/services/sqladmin.googleapis.com:enable 200
[debug] [2026-02-03T06:05:50.036Z] <<< [apiv2][body] POST https://serviceusage.googleapis.com/v1/projects/construmetrix/services/sqladmin.googleapis.com:enable [omitted]
[debug] [2026-02-03T06:05:50.125Z] <<< [apiv2][status] POST https://serviceusage.googleapis.com/v1/projects/construmetrix/services/firebasedataconnect.googleapis.com:enable 200
[debug] [2026-02-03T06:05:50.125Z] <<< [apiv2][body] POST https://serviceusage.googleapis.com/v1/projects/construmetrix/services/firebasedataconnect.googleapis.com:enable [omitted]
[debug] [2026-02-03T06:06:00.143Z] Checked if tokens are valid: true, expires at: 1770102294525
[debug] [2026-02-03T06:06:00.143Z] Checked if tokens are valid: true, expires at: 1770102294525
[debug] [2026-02-03T06:06:00.144Z] >>> [apiv2][query] GET https://firebasedataconnect.googleapis.com/v1/projects/construmetrix/locations/-/services [none]
[debug] [2026-02-03T06:06:01.232Z] <<< [apiv2][status] GET https://firebasedataconnect.googleapis.com/v1/projects/construmetrix/locations/-/services 200
[debug] [2026-02-03T06:06:01.232Z] <<< [apiv2][body] GET https://firebasedataconnect.googleapis.com/v1/projects/construmetrix/locations/-/services {}
[info] i  : ensuring required API cloudaicompanion.googleapis.com is enabled... 
[debug] [2026-02-03T06:06:06.396Z] Checked if tokens are valid: true, expires at: 1770102294525
[debug] [2026-02-03T06:06:06.397Z] Checked if tokens are valid: true, expires at: 1770102294525
[debug] [2026-02-03T06:06:06.397Z] >>> [apiv2][query] GET https://serviceusage.googleapis.com/v1/projects/construmetrix/services/cloudaicompanion.googleapis.com [none]
[debug] [2026-02-03T06:06:06.397Z] >>> [apiv2][(partial)header] GET https://serviceusage.googleapis.com/v1/projects/construmetrix/services/cloudaicompanion.googleapis.com  x-goog-user-project=construmetrix
[debug] [2026-02-03T06:06:07.005Z] <<< [apiv2][status] GET https://serviceusage.googleapis.com/v1/projects/construmetrix/services/cloudaicompanion.googleapis.com 200
[debug] [2026-02-03T06:06:07.005Z] <<< [apiv2][body] GET https://serviceusage.googleapis.com/v1/projects/construmetrix/services/cloudaicompanion.googleapis.com [omitted]
[info] +  : required API cloudaicompanion.googleapis.com is enabled 
[debug] [2026-02-03T06:06:15.144Z] ExitPromptError: User force closed the prompt with SIGINT
    at Interface.sigint (C:\Users\Sheyl\AppData\Roaming\npm\node_modules\firebase-tools\node_modules\@inquirer\core\dist\commonjs\lib\create-prompt.js:101:37)
    at Interface.emit (node:events:508:28)
    at [_ttyWrite] [as _ttyWrite] (node:internal/readline/interface:1317:18)
    at ReadStream.onkeypress (node:internal/readline/interface:284:20)
    at ReadStream.emit (node:events:520:35)
    at emitKeys (node:internal/readline/utils:371:14)
    at emitKeys.next (<anonymous>)
    at ReadStream.onData (node:internal/readline/emitKeypressEvents:64:36)
    at ReadStream.emit (node:events:508:28)
    at addChunk (node:internal/streams/readable:559:12)
[error] 
[error] Error: An unexpected error has occurred.
